[] 21:38:12.740 [main] INFO  com.beom.PayApplication - Starting PayApplication using Java 18.0.2 with PID 7009 (/Users/beom/Documents/workspace/IntegrationPay/build/classes/java/main started by beom in /Users/beom/Documents/workspace/IntegrationPay)
[] 21:38:12.742 [main] INFO  com.beom.PayApplication - No active profile set, falling back to 1 default profile: "default"
[] 21:38:12.957 [main] INFO  o.s.d.r.c.RepositoryConfigurationDelegate - Bootstrapping Spring Data JPA repositories in DEFAULT mode.
[] 21:38:12.966 [main] INFO  o.s.d.r.c.RepositoryConfigurationDelegate - Finished Spring Data repository scanning in 6 ms. Found 0 JPA repository interfaces.
[] 21:38:13.225 [main] INFO  o.s.b.w.e.tomcat.TomcatWebServer - Tomcat initialized with port(s): 8080 (http)
[] 21:38:13.229 [main] INFO  o.a.coyote.http11.Http11NioProtocol - Initializing ProtocolHandler ["http-nio-8080"]
[] 21:38:13.229 [main] INFO  o.a.catalina.core.StandardService - Starting service [Tomcat]
[] 21:38:13.229 [main] INFO  o.a.catalina.core.StandardEngine - Starting Servlet engine: [Apache Tomcat/10.1.12]
[] 21:38:13.264 [main] INFO  o.a.c.c.C.[Tomcat].[localhost].[/] - Initializing Spring embedded WebApplicationContext
[] 21:38:13.265 [main] INFO  o.s.b.w.s.c.ServletWebServerApplicationContext - Root WebApplicationContext: initialization completed in 508 ms
[] 21:38:13.280 [main] INFO  o.s.b.web.servlet.RegistrationBean - Filter commonFilter was not registered (possibly already registered?)
[] 21:38:13.332 [main] INFO  com.zaxxer.hikari.HikariDataSource - HikariPool-1 - Starting...
[] 21:38:13.406 [main] INFO  com.zaxxer.hikari.pool.HikariPool - HikariPool-1 - Added connection conn0: url=jdbc:h2:mem:188e6888-34b8-4d4b-96b7-ec405fd3d808 user=SA
[] 21:38:13.407 [main] INFO  com.zaxxer.hikari.HikariDataSource - HikariPool-1 - Start completed.
[] 21:38:13.426 [main] INFO  o.h.jpa.internal.util.LogHelper - HHH000204: Processing PersistenceUnitInfo [name: default]
[] 21:38:13.446 [main] INFO  org.hibernate.Version - HHH000412: Hibernate ORM core version 6.1.7.Final
[] 21:38:13.559 [main] INFO  SQL dialect - HHH000400: Using dialect: org.hibernate.dialect.H2Dialect
[] 21:38:13.654 [main] INFO  o.h.e.t.j.p.i.JtaPlatformInitiator - HHH000490: Using JtaPlatform implementation: [org.hibernate.engine.transaction.jta.platform.internal.NoJtaPlatform]
[] 21:38:13.658 [main] INFO  o.s.o.j.LocalContainerEntityManagerFactoryBean - Initialized JPA EntityManagerFactory for persistence unit 'default'
[] 21:38:13.696 [main] WARN  o.s.b.a.o.j.JpaBaseConfiguration$JpaWebConfiguration - spring.jpa.open-in-view is enabled by default. Therefore, database queries may be performed during view rendering. Explicitly configure spring.jpa.open-in-view to disable this warning
[] 21:38:13.967 [main] INFO  o.a.coyote.http11.Http11NioProtocol - Starting ProtocolHandler ["http-nio-8080"]
[] 21:38:13.973 [main] INFO  o.s.b.w.e.tomcat.TomcatWebServer - Tomcat started on port(s): 8080 (http) with context path ''
[] 21:38:13.977 [main] INFO  com.beom.PayApplication - Started PayApplication in 1.343 seconds (process running for 1.603)
[] 21:39:44.286 [http-nio-8080-exec-1] INFO  o.a.c.c.C.[Tomcat].[localhost].[/] - Initializing Spring DispatcherServlet 'dispatcherServlet'
[] 21:39:44.287 [http-nio-8080-exec-1] INFO  o.s.web.servlet.DispatcherServlet - Initializing Servlet 'dispatcherServlet'
[] 21:39:44.287 [http-nio-8080-exec-1] INFO  o.s.web.servlet.DispatcherServlet - Completed initialization in 0 ms
[fbd4e7d6-df9b-4df0-94df-2facbda05c57] 21:39:48.089 [http-nio-8080-exec-3] INFO  com.beom.aspect.TestLogger - Request received at 1702298388089 
[fbd4e7d6-df9b-4df0-94df-2facbda05c57] 21:39:48.090 [http-nio-8080-exec-3] INFO  com.beom.aspect.TestLogger - Referer : null 
[fbd4e7d6-df9b-4df0-94df-2facbda05c57] 21:39:48.094 [http-nio-8080-exec-3] INFO  com.beom.common.log.MyLogger - [null] [null] ready
[fbd4e7d6-df9b-4df0-94df-2facbda05c57] 21:39:48.095 [http-nio-8080-exec-3] INFO  com.beom.common.log.MyLogger - [null] [null] ready
[fbd4e7d6-df9b-4df0-94df-2facbda05c57] 21:39:48.095 [http-nio-8080-exec-3] INFO  com.beom.aspect.TestLogger - Request processing completed.
[69859aed-1f17-439f-8d14-2bc3391b3bd4] 21:39:57.573 [http-nio-8080-exec-4] INFO  com.beom.aspect.TestLogger - Request received at 1702298397573 
[69859aed-1f17-439f-8d14-2bc3391b3bd4] 21:39:57.573 [http-nio-8080-exec-4] INFO  com.beom.aspect.TestLogger - Referer : http://localhost:8080/ready 
[69859aed-1f17-439f-8d14-2bc3391b3bd4] 21:39:57.574 [http-nio-8080-exec-4] INFO  com.beom.common.log.MyLogger - [null] [null] pay
[69859aed-1f17-439f-8d14-2bc3391b3bd4] 21:39:57.578 [http-nio-8080-exec-4] INFO  com.beom.service.SmartroService - MID : SMTPAY001m EncryptData:D0Khr7s/ZLcpjWB6dW0qI3yyeHNiFXwavJ+u+97d6kc= MerchantKey :0/4GFsSd7ERVRGX9WHOzJ96GyeMTwvIaKSWUCKmN3fDklNRGw3CualCFoMPZaS99YiFGOuwtzTkrLo4bR4V+Ow== EdiDate : 20231211213957 
[69859aed-1f17-439f-8d14-2bc3391b3bd4] 21:39:57.579 [http-nio-8080-exec-4] INFO  com.beom.aspect.TestLogger - Request processing completed.
[] 22:02:13.913 [SpringApplicationShutdownHook] INFO  o.s.o.j.LocalContainerEntityManagerFactoryBean - Closing JPA EntityManagerFactory for persistence unit 'default'
[] 22:02:13.914 [SpringApplicationShutdownHook] INFO  com.zaxxer.hikari.HikariDataSource - HikariPool-1 - Shutdown initiated...
[] 22:02:13.915 [SpringApplicationShutdownHook] INFO  com.zaxxer.hikari.HikariDataSource - HikariPool-1 - Shutdown completed.
